info it worked if it ends with ok
verbose cli [ '/home/cloud9/c9/support/node-c9-builds-v4/node-c9-sunos',
verbose cli   '/home/ide_aaronpowell/workspaces/npm/bin/npm.js',
verbose cli   'install',
verbose cli   'docpad' ]
info using npm@1.0.1rc6
info using node@v0.4.12
verbose config file /home/cloud9/.npmrc
verbose config file /home/cloud9/c9/support/etc/npmrc
silly testEngine { name: 'javascript-quiz',
silly testEngine   version: '0.1.0',
silly testEngine   description: 'JavaScript Quiz, the best quiz for JavaScripting',
silly testEngine   homepage: 'https://github.com/aaronpowell/JavaScript-Quiz',
silly testEngine   author: 
silly testEngine    { name: 'Aaron Powell',
silly testEngine      email: 'me@aaron-powell.com',
silly testEngine      url: 'http://www.aaron-powell.com' },
silly testEngine   maintainers: 
silly testEngine    [ { name: 'Aaron Powell',
silly testEngine        email: 'me@aaron-powell.com',
silly testEngine        url: 'http://www.aaron-powell.com' } ],
silly testEngine   contributors: 
silly testEngine    [ { name: 'Aaron Powell',
silly testEngine        email: 'me@aaron-powell.com',
silly testEngine        url: 'http://www.aaron-powell.com' } ],
silly testEngine   repository: 
silly testEngine    { type: 'git',
silly testEngine      url: 'git://github.com/aaronpowell/JavaScript-Quiz.git' },
silly testEngine   dependencies: 
silly testEngine    { 'coffee-script': '>=1.1.1',
silly testEngine      docpad: '>=2.0.0',
silly testEngine      express: '>=2.4.7' },
silly testEngine   engines: { node: '>=0.4.0' },
silly testEngine   devDependencies: {},
silly testEngine   _id: 'javascript-quiz@0.1.0',
silly testEngine   _engineSupported: true,
silly testEngine   _npmVersion: '1.0.1rc6',
silly testEngine   _nodeVersion: 'v0.4.12',
silly testEngine   _defaultsLoaded: true }
verbose caching /mnt/ws/users/aaronpowell/80371/package.json
verbose loadDefaults javascript-quiz@0.1.0
info into /mnt/ws/users/aaronpowell/80371 [ 'docpad' ]
verbose cache add [ 'docpad', null ]
info addNamed [ 'docpad', '' ]
verbose addNamed [ null, '' ]
verbose GET docpad
verbose raw, before any munging docpad
verbose url resolving [ 'http://registry.npmjs.org/', './docpad' ]
verbose url resolved http://registry.npmjs.org/docpad
verbose url parsed { protocol: 'http:',
verbose url parsed   slashes: true,
verbose url parsed   host: 'registry.npmjs.org',
verbose url parsed   hostname: 'registry.npmjs.org',
verbose url parsed   href: 'http://registry.npmjs.org/docpad',
verbose url parsed   pathname: '/docpad' }
verbose etag "1FCHUX6PX9UPZVC1N93CH467Y"
verbose response http://registry.npmjs.org/docpad
silly get cb [ 304,
silly get cb   { server: 'CouchDB/1.1.0 (Erlang OTP/R14B04)',
silly get cb     etag: '"1FCHUX6PX9UPZVC1N93CH467Y"',
silly get cb     date: 'Sun, 20 Nov 2011 06:34:53 GMT',
silly get cb     'content-length': '0' } ]
verbose etag docpad from cache
verbose GET docpad/2.3.7
verbose raw, before any munging docpad/2.3.7
verbose url resolving [ 'http://registry.npmjs.org/', './docpad/2.3.7' ]
verbose url resolved http://registry.npmjs.org/docpad/2.3.7
verbose url parsed { protocol: 'http:',
verbose url parsed   slashes: true,
verbose url parsed   host: 'registry.npmjs.org',
verbose url parsed   hostname: 'registry.npmjs.org',
verbose url parsed   href: 'http://registry.npmjs.org/docpad/2.3.7',
verbose url parsed   pathname: '/docpad/2.3.7' }
verbose etag "1FCHUX6PX9UPZVC1N93CH467Y"
verbose response http://registry.npmjs.org/docpad/2.3.7
silly get cb [ 304,
silly get cb   { server: 'CouchDB/1.1.0 (Erlang OTP/R14B04)',
silly get cb     etag: '"1FCHUX6PX9UPZVC1N93CH467Y"',
silly get cb     date: 'Sun, 20 Nov 2011 06:34:53 GMT',
silly get cb     'content-length': '0' } ]
verbose etag docpad/2.3.7 from cache
verbose bin dist [ '0.4-sunos-5.11',
verbose bin dist   { shasum: '2b3b82df64bd9d191f39dbe9f5ed12f7251b7863',
verbose bin dist     tarball: 'http://registry.npmjs.org/docpad/-/docpad-2.3.7.tgz' } ]
silly resolved [ { name: 'docpad',
silly resolved     version: '2.3.7',
silly resolved     description: 'DocPad (like Jekyll) is a static website generator, unlike Jekyll it\'s written in CoffeeScript+Node.js instead of Ruby, and also allows the template engine complete access to the document model. This means you have unlimited power as a CMS and the simplicity of a notepad.',
silly resolved     homepage: 'https://github.com/balupton/docpad',
silly resolved     keywords: 
silly resolved      [ 'javascript',
silly resolved        'dms',
silly resolved        'documents',
silly resolved        'generator',
silly resolved        'website',
silly resolved        'cms' ],
silly resolved     author: 
silly resolved      { name: 'Benjamin Lupton',
silly resolved        email: 'b@lupton.cc',
silly resolved        url: 'http://balupton.com' },
silly resolved     maintainers: [ { name: 'balupton', email: 'b@lupton.cc' } ],
silly resolved     contributors: 
silly resolved      [ { name: 'Benjamin Lupton',
silly resolved          email: 'b@lupton.cc',
silly resolved          url: 'http://balupton.com' } ],
silly resolved     bugs: { url: 'https://github.com/balupton/docpad/issues' },
silly resolved     licenses: 
silly resolved      [ { type: 'MIT',
silly resolved          url: 'http://creativecommons.org/licenses/MIT/' } ],
silly resolved     repository: 
silly resolved      { type: 'git',
silly resolved        url: 'git://github.com/balupton/docpad.git' },
silly resolved     dependencies: 
silly resolved      { 'bal-util': '0.8.x',
silly resolved        express: '2.5.x',
silly resolved        'query-engine': '0.5.x',
silly resolved        watchr: '0.1.x',
silly resolved        caterpillar: '0.1.x',
silly resolved        commander: '0.3.x',
silly resolved        growl: '1.1.x',
silly resolved        yaml: '0.2.1',
silly resolved        'coffee-script': '1.1.3',
silly resolved        js2coffee: '0.1.x',
silly resolved        underscore: '1.2.x',
silly resolved        npm: '1.0.x' },
silly resolved     engines: { node: '>=0.4.0' },
silly resolved     bin: { docpad: './bin/docpad' },
silly resolved     directories: { lib: 'lib' },
silly resolved     main: './lib/docpad.coffee',
silly resolved     _npmUser: { name: 'balupton', email: 'b@lupton.cc' },
silly resolved     _id: 'docpad@2.3.7',
silly resolved     devDependencies: {},
silly resolved     _engineSupported: true,
silly resolved     _npmVersion: '1.0.105',
silly resolved     _nodeVersion: 'v0.6.1',
silly resolved     _defaultsLoaded: true,
silly resolved     dist: 
silly resolved      { shasum: '2b3b82df64bd9d191f39dbe9f5ed12f7251b7863',
silly resolved        tarball: 'http://registry.npmjs.org/docpad/-/docpad-2.3.7.tgz' } } ]
info (resolved) into /mnt/ws/users/aaronpowell/80371 [ 'docpad@2.3.7' ]
info installOne docpad@2.3.7
silly testEngine { name: 'docpad',
silly testEngine   version: '2.3.7',
silly testEngine   description: 'DocPad (like Jekyll) is a static website generator, unlike Jekyll it\'s written in CoffeeScript+Node.js instead of Ruby, and also allows the template engine complete access to the document model. This means you have unlimited power as a CMS and the simplicity of a notepad.',
silly testEngine   homepage: 'https://github.com/balupton/docpad',
silly testEngine   keywords: 
silly testEngine    [ 'javascript',
silly testEngine      'dms',
silly testEngine      'documents',
silly testEngine      'generator',
silly testEngine      'website',
silly testEngine      'cms' ],
silly testEngine   author: 
silly testEngine    { name: 'Benjamin Lupton',
silly testEngine      email: 'b@lupton.cc',
silly testEngine      url: 'http://balupton.com' },
silly testEngine   maintainers: 
silly testEngine    [ { name: 'Benjamin Lupton',
silly testEngine        email: 'b@lupton.cc',
silly testEngine        url: 'http://balupton.com' } ],
silly testEngine   contributors: 
silly testEngine    [ { name: 'Benjamin Lupton',
silly testEngine        email: 'b@lupton.cc',
silly testEngine        url: 'http://balupton.com' } ],
silly testEngine   bugs: { url: 'https://github.com/balupton/docpad/issues' },
silly testEngine   licenses: 
silly testEngine    [ { type: 'MIT',
silly testEngine        url: 'http://creativecommons.org/licenses/MIT/' } ],
silly testEngine   repository: 
silly testEngine    { type: 'git',
silly testEngine      url: 'git://github.com/balupton/docpad.git' },
silly testEngine   dependencies: 
silly testEngine    { 'bal-util': '0.8.x',
silly testEngine      express: '2.5.x',
silly testEngine      'query-engine': '0.5.x',
silly testEngine      watchr: '0.1.x',
silly testEngine      caterpillar: '0.1.x',
silly testEngine      commander: '0.3.x',
silly testEngine      growl: '1.1.x',
silly testEngine      yaml: '0.2.1',
silly testEngine      'coffee-script': '1.1.3',
silly testEngine      js2coffee: '0.1.x',
silly testEngine      underscore: '1.2.x',
silly testEngine      npm: '1.0.x' },
silly testEngine   engines: { node: '>=0.4.0' },
silly testEngine   bin: { docpad: './bin/docpad' },
silly testEngine   directories: { lib: 'lib' },
silly testEngine   main: './lib/docpad.coffee',
silly testEngine   devDependencies: {},
silly testEngine   _id: 'docpad@2.3.7',
silly testEngine   _engineSupported: true,
silly testEngine   _npmVersion: '1.0.1rc6',
silly testEngine   _nodeVersion: 'v0.4.12',
silly testEngine   _defaultsLoaded: true }
verbose caching /mnt/ws/users/aaronpowell/80371/node_modules/docpad/package.json
verbose loadDefaults docpad@2.3.7
info preuninstall docpad@2.3.7
info uninstall docpad@2.3.7
info unbuild docpad@2.3.7 [ false,
info unbuild docpad@2.3.7   '/home/ide_aaronpowell/workspaces/npm_global/node_modules',
info unbuild docpad@2.3.7   '/mnt/ws/users/aaronpowell/80371/node_modules' ]
info postuninstall docpad@2.3.7
silly testEngine { name: 'docpad',
silly testEngine   version: '2.3.7',
silly testEngine   description: 'DocPad (like Jekyll) is a static website generator, unlike Jekyll it\'s written in CoffeeScript+Node.js instead of Ruby, and also allows the template engine complete access to the document model. This means you have unlimited power as a CMS and the simplicity of a notepad.',
silly testEngine   homepage: 'https://github.com/balupton/docpad',
silly testEngine   keywords: 
silly testEngine    [ 'javascript',
silly testEngine      'dms',
silly testEngine      'documents',
silly testEngine      'generator',
silly testEngine      'website',
silly testEngine      'cms' ],
silly testEngine   author: 
silly testEngine    { name: 'Benjamin Lupton',
silly testEngine      email: 'b@lupton.cc',
silly testEngine      url: 'http://balupton.com' },
silly testEngine   maintainers: 
silly testEngine    [ { name: 'Benjamin Lupton',
silly testEngine        email: 'b@lupton.cc',
silly testEngine        url: 'http://balupton.com' } ],
silly testEngine   contributors: 
silly testEngine    [ { name: 'Benjamin Lupton',
silly testEngine        email: 'b@lupton.cc',
silly testEngine        url: 'http://balupton.com' } ],
silly testEngine   bugs: { url: 'https://github.com/balupton/docpad/issues' },
silly testEngine   licenses: 
silly testEngine    [ { type: 'MIT',
silly testEngine        url: 'http://creativecommons.org/licenses/MIT/' } ],
silly testEngine   repository: 
silly testEngine    { type: 'git',
silly testEngine      url: 'git://github.com/balupton/docpad.git' },
silly testEngine   dependencies: 
silly testEngine    { 'bal-util': '0.8.x',
silly testEngine      express: '2.5.x',
silly testEngine      'query-engine': '0.5.x',
silly testEngine      watchr: '0.1.x',
silly testEngine      caterpillar: '0.1.x',
silly testEngine      commander: '0.3.x',
silly testEngine      growl: '1.1.x',
silly testEngine      yaml: '0.2.1',
silly testEngine      'coffee-script': '1.1.3',
silly testEngine      js2coffee: '0.1.x',
silly testEngine      underscore: '1.2.x',
silly testEngine      npm: '1.0.x' },
silly testEngine   engines: { node: '>=0.4.0' },
silly testEngine   bin: { docpad: './bin/docpad' },
silly testEngine   directories: { lib: 'lib' },
silly testEngine   main: './lib/docpad.coffee',
silly testEngine   devDependencies: {},
silly testEngine   _id: 'docpad@2.3.7',
silly testEngine   _engineSupported: true,
silly testEngine   _npmVersion: '1.0.1rc6',
silly testEngine   _nodeVersion: 'v0.4.12',
silly testEngine   _defaultsLoaded: true,
silly testEngine   dist: { shasum: 'ffb7e10315681753a29d17f2ce36aa6c9452a9c9' } }
verbose caching /home/ide_aaronpowell/workspaces/npm_cache/docpad/2.3.7/package.json
verbose mkdir done: /mnt/ws/users/aaronpowell/80371/node_modules/___docpad.npm
verbose unpack_ uid, gid [ undefined, undefined ]
verbose unpackTarget /mnt/ws/users/aaronpowell/80371/node_modules/docpad
verbose success gzip "--decompress" "--stdout" "/home/ide_aaronpowell/workspaces/npm_cache/docpad/2.3.7/package.tgz"
verbose success /opt/local/bin/gtar "-mvxpf" "-" "--no-same-owner" "-C" "/mnt/ws/users/aaronpowell/80371/node_modules/___docpad.npm"
verbose gunzed /mnt/ws/users/aaronpowell/80371/node_modules/___docpad.npm/package
verbose rm'ed /mnt/ws/users/aaronpowell/80371/node_modules/docpad
verbose renamed [ '/mnt/ws/users/aaronpowell/80371/node_modules/___docpad.npm/package',
verbose renamed   '/mnt/ws/users/aaronpowell/80371/node_modules/docpad' ]
verbose rm'ed /mnt/ws/users/aaronpowell/80371/node_modules/___docpad.npm
verbose from cache /mnt/ws/users/aaronpowell/80371/node_modules/docpad/package.json
info into /mnt/ws/users/aaronpowell/80371/node_modules/docpad [ 'bal-util@0.8.x',
info into /mnt/ws/users/aaronpowell/80371/node_modules/docpad   'express@2.5.x',
info into /mnt/ws/users/aaronpowell/80371/node_modules/docpad   'query-engine@0.5.x',
info into /mnt/ws/users/aaronpowell/80371/node_modules/docpad   'watchr@0.1.x',
info into /mnt/ws/users/aaronpowell/80371/node_modules/docpad   'caterpillar@0.1.x',
info into /mnt/ws/users/aaronpowell/80371/node_modules/docpad   'commander@0.3.x',
info into /mnt/ws/users/aaronpowell/80371/node_modules/docpad   'growl@1.1.x',
info into /mnt/ws/users/aaronpowell/80371/node_modules/docpad   'yaml@0.2.1',
info into /mnt/ws/users/aaronpowell/80371/node_modules/docpad   'coffee-script@1.1.3',
info into /mnt/ws/users/aaronpowell/80371/node_modules/docpad   'js2coffee@0.1.x',
info into /mnt/ws/users/aaronpowell/80371/node_modules/docpad   'underscore@1.2.x',
info into /mnt/ws/users/aaronpowell/80371/node_modules/docpad   'npm@1.0.x' ]
verbose cache add [ 'npm@1.0.x', null ]
info addNamed [ 'npm', '1.0.x' ]
verbose addNamed [ null, '>=1.0.0a <1.1.0' ]
verbose cache add [ 'bal-util@0.8.x', null ]
info addNamed [ 'bal-util', '0.8.x' ]
verbose addNamed [ null, '>=0.8.0a <0.9.0' ]
verbose GET npm
verbose raw, before any munging npm
verbose url resolving [ 'http://registry.npmjs.org/', './npm' ]
verbose url resolved http://registry.npmjs.org/npm
verbose url parsed { protocol: 'http:',
verbose url parsed   slashes: true,
verbose url parsed   host: 'registry.npmjs.org',
verbose url parsed   hostname: 'registry.npmjs.org',
verbose url parsed   href: 'http://registry.npmjs.org/npm',
verbose url parsed   pathname: '/npm' }
verbose etag "405FPHWDJGFZQ3WRNW93C2GU8"
verbose cache add [ 'express@2.5.x', null ]
info addNamed [ 'express', '2.5.x' ]
verbose addNamed [ null, '>=2.5.0a <2.6.0' ]
verbose cache add [ 'query-engine@0.5.x', null ]
info addNamed [ 'query-engine', '0.5.x' ]
verbose addNamed [ null, '>=0.5.0a <0.6.0' ]
verbose cache add [ 'watchr@0.1.x', null ]
info addNamed [ 'watchr', '0.1.x' ]
verbose addNamed [ null, '>=0.1.0a <0.2.0' ]
verbose cache add [ 'caterpillar@0.1.x', null ]
info addNamed [ 'caterpillar', '0.1.x' ]
verbose addNamed [ null, '>=0.1.0a <0.2.0' ]
verbose GET bal-util
verbose raw, before any munging bal-util
verbose url resolving [ 'http://registry.npmjs.org/', './bal-util' ]
verbose url resolved http://registry.npmjs.org/bal-util
verbose url parsed { protocol: 'http:',
verbose url parsed   slashes: true,
verbose url parsed   host: 'registry.npmjs.org',
verbose url parsed   hostname: 'registry.npmjs.org',
verbose url parsed   href: 'http://registry.npmjs.org/bal-util',
verbose url parsed   pathname: '/bal-util' }
verbose etag "BPCU0I2CS3M86GYNJCA2031OX"
verbose cache add [ 'commander@0.3.x', null ]
info addNamed [ 'commander', '0.3.x' ]
verbose addNamed [ null, '>=0.3.0a <0.4.0' ]
verbose GET query-engine
verbose raw, before any munging query-engine
verbose url resolving [ 'http://registry.npmjs.org/', './query-engine' ]
verbose url resolved http://registry.npmjs.org/query-engine
verbose url parsed { protocol: 'http:',
verbose url parsed   slashes: true,
verbose url parsed   host: 'registry.npmjs.org',
verbose url parsed   hostname: 'registry.npmjs.org',
verbose url parsed   href: 'http://registry.npmjs.org/query-engine',
verbose url parsed   pathname: '/query-engine' }
verbose etag "DBAEFLQ064HKFA1YE9V1L71QN"
verbose GET watchr
verbose raw, before any munging watchr
verbose url resolving [ 'http://registry.npmjs.org/', './watchr' ]
verbose url resolved http://registry.npmjs.org/watchr
verbose url parsed { protocol: 'http:',
verbose url parsed   slashes: true,
verbose url parsed   host: 'registry.npmjs.org',
verbose url parsed   hostname: 'registry.npmjs.org',
verbose url parsed   href: 'http://registry.npmjs.org/watchr',
verbose url parsed   pathname: '/watchr' }
verbose etag "6IHGXSZF0U9RD3C0GKBIC2V9R"
verbose GET caterpillar
verbose raw, before any munging caterpillar
verbose url resolving [ 'http://registry.npmjs.org/', './caterpillar' ]
verbose url resolved http://registry.npmjs.org/caterpillar
verbose url parsed { protocol: 'http:',
verbose url parsed   slashes: true,
verbose url parsed   host: 'registry.npmjs.org',
verbose url parsed   hostname: 'registry.npmjs.org',
verbose url parsed   href: 'http://registry.npmjs.org/caterpillar',
verbose url parsed   pathname: '/caterpillar' }
verbose etag "330KGD7MJB1I898V6VKA92ZFD"
verbose GET express
verbose raw, before any munging express
verbose url resolving [ 'http://registry.npmjs.org/', './express' ]
verbose url resolved http://registry.npmjs.org/express
verbose url parsed { protocol: 'http:',
verbose url parsed   slashes: true,
verbose url parsed   host: 'registry.npmjs.org',
verbose url parsed   hostname: 'registry.npmjs.org',
verbose url parsed   href: 'http://registry.npmjs.org/express',
verbose url parsed   pathname: '/express' }
verbose etag "68AVTOK6I7DBN915HQO2SVX5E"
verbose cache add [ 'growl@1.1.x', null ]
info addNamed [ 'growl', '1.1.x' ]
verbose addNamed [ null, '>=1.1.0a <1.2.0' ]
verbose cache add [ 'yaml@0.2.1', null ]
info addNamed [ 'yaml', '0.2.1' ]
verbose addNamed [ '0.2.1', '0.2.1' ]
verbose cache add [ 'coffee-script@1.1.3', null ]
info addNamed [ 'coffee-script', '1.1.3' ]
verbose addNamed [ '1.1.3', '1.1.3' ]
verbose cache add [ 'js2coffee@0.1.x', null ]
info addNamed [ 'js2coffee', '0.1.x' ]
verbose addNamed [ null, '>=0.1.0a <0.2.0' ]
verbose cache add [ 'underscore@1.2.x', null ]
info addNamed [ 'underscore', '1.2.x' ]
verbose addNamed [ null, '>=1.2.0a <1.3.0' ]
verbose GET commander
verbose raw, before any munging commander
verbose url resolving [ 'http://registry.npmjs.org/', './commander' ]
verbose url resolved http://registry.npmjs.org/commander
verbose url parsed { protocol: 'http:',
verbose url parsed   slashes: true,
verbose url parsed   host: 'registry.npmjs.org',
verbose url parsed   hostname: 'registry.npmjs.org',
verbose url parsed   href: 'http://registry.npmjs.org/commander',
verbose url parsed   pathname: '/commander' }
verbose etag "5H8E99L3WG0EFPN01590JDGH8"
verbose GET growl
verbose raw, before any munging growl
verbose url resolving [ 'http://registry.npmjs.org/', './growl' ]
verbose url resolved http://registry.npmjs.org/growl
verbose url parsed { protocol: 'http:',
verbose url parsed   slashes: true,
verbose url parsed   host: 'registry.npmjs.org',
verbose url parsed   hostname: 'registry.npmjs.org',
verbose url parsed   href: 'http://registry.npmjs.org/growl',
verbose url parsed   pathname: '/growl' }
verbose etag "544M3ZMAPQTI4H2O9KWOP0ZGF"
verbose GET js2coffee
verbose raw, before any munging js2coffee
verbose url resolving [ 'http://registry.npmjs.org/', './js2coffee' ]
verbose url resolved http://registry.npmjs.org/js2coffee
verbose url parsed { protocol: 'http:',
verbose url parsed   slashes: true,
verbose url parsed   host: 'registry.npmjs.org',
verbose url parsed   hostname: 'registry.npmjs.org',
verbose url parsed   href: 'http://registry.npmjs.org/js2coffee',
verbose url parsed   pathname: '/js2coffee' }
verbose etag "7Q5J1SY52EI0XP4GWJCNU10B6"
verbose GET yaml/0.2.1
verbose raw, before any munging yaml/0.2.1
verbose url resolving [ 'http://registry.npmjs.org/', './yaml/0.2.1' ]
verbose url resolved http://registry.npmjs.org/yaml/0.2.1
verbose url parsed { protocol: 'http:',
verbose url parsed   slashes: true,
verbose url parsed   host: 'registry.npmjs.org',
verbose url parsed   hostname: 'registry.npmjs.org',
verbose url parsed   href: 'http://registry.npmjs.org/yaml/0.2.1',
verbose url parsed   pathname: '/yaml/0.2.1' }
verbose etag "DY7N16HRU42MYRQPCWQ5B2053"
verbose GET coffee-script/1.1.3
verbose raw, before any munging coffee-script/1.1.3
verbose url resolving [ 'http://registry.npmjs.org/',
verbose url resolving   './coffee-script/1.1.3' ]
verbose url resolved http://registry.npmjs.org/coffee-script/1.1.3
verbose url parsed { protocol: 'http:',
verbose url parsed   slashes: true,
verbose url parsed   host: 'registry.npmjs.org',
verbose url parsed   hostname: 'registry.npmjs.org',
verbose url parsed   href: 'http://registry.npmjs.org/coffee-script/1.1.3',
verbose url parsed   pathname: '/coffee-script/1.1.3' }
verbose etag "3ONKTXF18L6O34VBYXVTOHK1E"
verbose GET underscore
verbose raw, before any munging underscore
verbose url resolving [ 'http://registry.npmjs.org/', './underscore' ]
verbose url resolved http://registry.npmjs.org/underscore
verbose url parsed { protocol: 'http:',
verbose url parsed   slashes: true,
verbose url parsed   host: 'registry.npmjs.org',
verbose url parsed   hostname: 'registry.npmjs.org',
verbose url parsed   href: 'http://registry.npmjs.org/underscore',
verbose url parsed   pathname: '/underscore' }
verbose etag "69YEPZJKM4EREPDAF8CYZJN19"
verbose response http://registry.npmjs.org/bal-util
silly get cb [ 304,
silly get cb   { server: 'CouchDB/1.1.0 (Erlang OTP/R14B04)',
silly get cb     etag: '"BPCU0I2CS3M86GYNJCA2031OX"',
silly get cb     date: 'Sun, 20 Nov 2011 06:34:53 GMT',
silly get cb     'content-length': '0' } ]
verbose etag bal-util from cache
verbose response http://registry.npmjs.org/npm
silly get cb [ 304,
silly get cb   { server: 'CouchDB/1.1.0 (Erlang OTP/R14B04)',
silly get cb     etag: '"405FPHWDJGFZQ3WRNW93C2GU8"',
silly get cb     date: 'Sun, 20 Nov 2011 06:34:53 GMT',
silly get cb     'content-length': '0' } ]
verbose etag npm from cache
verbose response http://registry.npmjs.org/watchr
silly get cb [ 304,
silly get cb   { server: 'CouchDB/1.1.0 (Erlang OTP/R14B04)',
silly get cb     etag: '"6IHGXSZF0U9RD3C0GKBIC2V9R"',
silly get cb     date: 'Sun, 20 Nov 2011 06:34:53 GMT',
silly get cb     'content-length': '0' } ]
verbose etag watchr from cache
verbose response http://registry.npmjs.org/query-engine
silly get cb [ 304,
silly get cb   { server: 'CouchDB/1.1.0 (Erlang OTP/R14B04)',
silly get cb     etag: '"DBAEFLQ064HKFA1YE9V1L71QN"',
silly get cb     date: 'Sun, 20 Nov 2011 06:34:53 GMT',
silly get cb     'content-length': '0' } ]
verbose etag query-engine from cache
verbose response http://registry.npmjs.org/caterpillar
silly get cb [ 304,
silly get cb   { server: 'CouchDB/1.1.0 (Erlang OTP/R14B04)',
silly get cb     etag: '"330KGD7MJB1I898V6VKA92ZFD"',
silly get cb     date: 'Sun, 20 Nov 2011 06:34:53 GMT',
silly get cb     'content-length': '0' } ]
verbose etag caterpillar from cache
verbose GET bal-util/0.8.1
verbose raw, before any munging bal-util/0.8.1
verbose url resolving [ 'http://registry.npmjs.org/', './bal-util/0.8.1' ]
verbose url resolved http://registry.npmjs.org/bal-util/0.8.1
verbose url parsed { protocol: 'http:',
verbose url parsed   slashes: true,
verbose url parsed   host: 'registry.npmjs.org',
verbose url parsed   hostname: 'registry.npmjs.org',
verbose url parsed   href: 'http://registry.npmjs.org/bal-util/0.8.1',
verbose url parsed   pathname: '/bal-util/0.8.1' }
verbose etag "BPCU0I2CS3M86GYNJCA2031OX"
verbose GET query-engine/0.5.3
verbose raw, before any munging query-engine/0.5.3
verbose url resolving [ 'http://registry.npmjs.org/',
verbose url resolving   './query-engine/0.5.3' ]
verbose url resolved http://registry.npmjs.org/query-engine/0.5.3
verbose url parsed { protocol: 'http:',
verbose url parsed   slashes: true,
verbose url parsed   host: 'registry.npmjs.org',
verbose url parsed   hostname: 'registry.npmjs.org',
verbose url parsed   href: 'http://registry.npmjs.org/query-engine/0.5.3',
verbose url parsed   pathname: '/query-engine/0.5.3' }
verbose etag "DBAEFLQ064HKFA1YE9V1L71QN"
verbose GET watchr/0.1.0
verbose raw, before any munging watchr/0.1.0
verbose url resolving [ 'http://registry.npmjs.org/', './watchr/0.1.0' ]
verbose url resolved http://registry.npmjs.org/watchr/0.1.0
verbose url parsed { protocol: 'http:',
verbose url parsed   slashes: true,
verbose url parsed   host: 'registry.npmjs.org',
verbose url parsed   hostname: 'registry.npmjs.org',
verbose url parsed   href: 'http://registry.npmjs.org/watchr/0.1.0',
verbose url parsed   pathname: '/watchr/0.1.0' }
verbose etag "6IHGXSZF0U9RD3C0GKBIC2V9R"
verbose GET caterpillar/0.1.7
verbose raw, before any munging caterpillar/0.1.7
verbose url resolving [ 'http://registry.npmjs.org/',
verbose url resolving   './caterpillar/0.1.7' ]
verbose url resolved http://registry.npmjs.org/caterpillar/0.1.7
verbose url parsed { protocol: 'http:',
verbose url parsed   slashes: true,
verbose url parsed   host: 'registry.npmjs.org',
verbose url parsed   hostname: 'registry.npmjs.org',
verbose url parsed   href: 'http://registry.npmjs.org/caterpillar/0.1.7',
verbose url parsed   pathname: '/caterpillar/0.1.7' }
verbose etag "330KGD7MJB1I898V6VKA92ZFD"
verbose GET npm/1.0.106
verbose raw, before any munging npm/1.0.106
verbose url resolving [ 'http://registry.npmjs.org/', './npm/1.0.106' ]
verbose url resolved http://registry.npmjs.org/npm/1.0.106
verbose url parsed { protocol: 'http:',
verbose url parsed   slashes: true,
verbose url parsed   host: 'registry.npmjs.org',
verbose url parsed   hostname: 'registry.npmjs.org',
verbose url parsed   href: 'http://registry.npmjs.org/npm/1.0.106',
verbose url parsed   pathname: '/npm/1.0.106' }
verbose etag "405FPHWDJGFZQ3WRNW93C2GU8"
verbose response http://registry.npmjs.org/express
silly get cb [ 304,
silly get cb   { server: 'CouchDB/1.1.0 (Erlang OTP/R14B04)',
silly get cb     etag: '"68AVTOK6I7DBN915HQO2SVX5E"',
silly get cb     date: 'Sun, 20 Nov 2011 06:34:53 GMT',
silly get cb     'content-length': '0' } ]
verbose etag express from cache
verbose response http://registry.npmjs.org/growl
silly get cb [ 304,
silly get cb   { server: 'CouchDB/1.1.0 (Erlang OTP/R14B04)',
silly get cb     etag: '"544M3ZMAPQTI4H2O9KWOP0ZGF"',
silly get cb     date: 'Sun, 20 Nov 2011 06:34:53 GMT',
silly get cb     'content-length': '0' } ]
verbose etag growl from cache
verbose GET growl/1.1.0
verbose raw, before any munging growl/1.1.0
verbose url resolving [ 'http://registry.npmjs.org/', './growl/1.1.0' ]
verbose url resolved http://registry.npmjs.org/growl/1.1.0
verbose url parsed { protocol: 'http:',
verbose url parsed   slashes: true,
verbose url parsed   host: 'registry.npmjs.org',
verbose url parsed   hostname: 'registry.npmjs.org',
verbose url parsed   href: 'http://registry.npmjs.org/growl/1.1.0',
verbose url parsed   pathname: '/growl/1.1.0' }
verbose etag "544M3ZMAPQTI4H2O9KWOP0ZGF"
verbose GET express/2.5.1
verbose raw, before any munging express/2.5.1
verbose url resolving [ 'http://registry.npmjs.org/', './express/2.5.1' ]
verbose url resolved http://registry.npmjs.org/express/2.5.1
verbose url parsed { protocol: 'http:',
verbose url parsed   slashes: true,
verbose url parsed   host: 'registry.npmjs.org',
verbose url parsed   hostname: 'registry.npmjs.org',
verbose url parsed   href: 'http://registry.npmjs.org/express/2.5.1',
verbose url parsed   pathname: '/express/2.5.1' }
verbose etag "68AVTOK6I7DBN915HQO2SVX5E"
verbose response http://registry.npmjs.org/commander
silly get cb [ 304,
silly get cb   { server: 'CouchDB/1.1.0 (Erlang OTP/R14B04)',
silly get cb     etag: '"5H8E99L3WG0EFPN01590JDGH8"',
silly get cb     date: 'Sun, 20 Nov 2011 06:34:53 GMT',
silly get cb     'content-length': '0' } ]
verbose etag commander from cache
verbose response http://registry.npmjs.org/yaml/0.2.1
silly get cb [ 304,
silly get cb   { server: 'CouchDB/1.1.0 (Erlang OTP/R14B04)',
silly get cb     etag: '"DY7N16HRU42MYRQPCWQ5B2053"',
silly get cb     date: 'Sun, 20 Nov 2011 06:34:53 GMT',
silly get cb     'content-length': '0' } ]
verbose etag yaml/0.2.1 from cache
verbose response http://registry.npmjs.org/js2coffee
silly get cb [ 304,
silly get cb   { server: 'CouchDB/1.1.0 (Erlang OTP/R14B04)',
silly get cb     etag: '"7Q5J1SY52EI0XP4GWJCNU10B6"',
silly get cb     date: 'Sun, 20 Nov 2011 06:34:53 GMT',
silly get cb     'content-length': '0' } ]
verbose etag js2coffee from cache
verbose bin dist [ '0.4-sunos-5.11',
verbose bin dist   { shasum: 'e925585765208789e7006d673d79e52deee92b54',
verbose bin dist     tarball: 'http://registry.npmjs.org/yaml/-/yaml-0.2.1.tgz' } ]
verbose GET commander/0.3.3
verbose raw, before any munging commander/0.3.3
verbose url resolving [ 'http://registry.npmjs.org/', './commander/0.3.3' ]
verbose url resolved http://registry.npmjs.org/commander/0.3.3
verbose url parsed { protocol: 'http:',
verbose url parsed   slashes: true,
verbose url parsed   host: 'registry.npmjs.org',
verbose url parsed   hostname: 'registry.npmjs.org',
verbose url parsed   href: 'http://registry.npmjs.org/commander/0.3.3',
verbose url parsed   pathname: '/commander/0.3.3' }
verbose etag "5H8E99L3WG0EFPN01590JDGH8"
verbose GET js2coffee/0.1.1
verbose raw, before any munging js2coffee/0.1.1
verbose url resolving [ 'http://registry.npmjs.org/', './js2coffee/0.1.1' ]
verbose url resolved http://registry.npmjs.org/js2coffee/0.1.1
verbose url parsed { protocol: 'http:',
verbose url parsed   slashes: true,
verbose url parsed   host: 'registry.npmjs.org',
verbose url parsed   hostname: 'registry.npmjs.org',
verbose url parsed   href: 'http://registry.npmjs.org/js2coffee/0.1.1',
verbose url parsed   pathname: '/js2coffee/0.1.1' }
verbose etag "7Q5J1SY52EI0XP4GWJCNU10B6"
verbose response http://registry.npmjs.org/coffee-script/1.1.3
silly get cb [ 304,
silly get cb   { server: 'CouchDB/1.1.0 (Erlang OTP/R14B04)',
silly get cb     etag: '"3ONKTXF18L6O34VBYXVTOHK1E"',
silly get cb     date: 'Sun, 20 Nov 2011 06:34:53 GMT',
silly get cb     'content-length': '0' } ]
verbose etag coffee-script/1.1.3 from cache
verbose response http://registry.npmjs.org/underscore
silly get cb [ 304,
silly get cb   { server: 'CouchDB/1.1.0 (Erlang OTP/R14B04)',
silly get cb     etag: '"69YEPZJKM4EREPDAF8CYZJN19"',
silly get cb     date: 'Sun, 20 Nov 2011 06:34:53 GMT',
silly get cb     'content-length': '0' } ]
verbose etag underscore from cache
verbose bin dist [ '0.4-sunos-5.11',
verbose bin dist   { shasum: '04cb82e59653fcad6ae6050900c81adf3af6d798',
verbose bin dist     tarball: 'http://registry.npmjs.org/coffee-script/-/coffee-script-1.1.3.tgz' } ]
verbose GET underscore/1.2.2
verbose raw, before any munging underscore/1.2.2
verbose url resolving [ 'http://registry.npmjs.org/', './underscore/1.2.2' ]
verbose url resolved http://registry.npmjs.org/underscore/1.2.2
verbose url parsed { protocol: 'http:',
verbose url parsed   slashes: true,
verbose url parsed   host: 'registry.npmjs.org',
verbose url parsed   hostname: 'registry.npmjs.org',
verbose url parsed   href: 'http://registry.npmjs.org/underscore/1.2.2',
verbose url parsed   pathname: '/underscore/1.2.2' }
verbose etag "69YEPZJKM4EREPDAF8CYZJN19"
verbose response http://registry.npmjs.org/bal-util/0.8.1
silly get cb [ 304,
silly get cb   { server: 'CouchDB/1.1.0 (Erlang OTP/R14B04)',
silly get cb     etag: '"BPCU0I2CS3M86GYNJCA2031OX"',
silly get cb     date: 'Sun, 20 Nov 2011 06:34:53 GMT',
silly get cb     'content-length': '0' } ]
verbose etag bal-util/0.8.1 from cache
verbose response http://registry.npmjs.org/query-engine/0.5.3
silly get cb [ 304,
silly get cb   { server: 'CouchDB/1.1.0 (Erlang OTP/R14B04)',
silly get cb     etag: '"DBAEFLQ064HKFA1YE9V1L71QN"',
silly get cb     date: 'Sun, 20 Nov 2011 06:34:53 GMT',
silly get cb     'content-length': '0' } ]
verbose etag query-engine/0.5.3 from cache
verbose bin dist [ '0.4-sunos-5.11',
verbose bin dist   { shasum: 'ad21fbba5192dff94edad180609475d3cad203bf',
verbose bin dist     tarball: 'http://registry.npmjs.org/bal-util/-/bal-util-0.8.1.tgz' } ]
verbose response http://registry.npmjs.org/watchr/0.1.0
silly get cb [ 304,
silly get cb   { server: 'CouchDB/1.1.0 (Erlang OTP/R14B04)',
silly get cb     etag: '"6IHGXSZF0U9RD3C0GKBIC2V9R"',
silly get cb     date: 'Sun, 20 Nov 2011 06:34:53 GMT',
silly get cb     'content-length': '0' } ]
verbose etag watchr/0.1.0 from cache
verbose bin dist [ '0.4-sunos-5.11',
verbose bin dist   { shasum: 'be901348fcc8ae22f9997237239116393e7fc7db',
verbose bin dist     tarball: 'http://registry.npmjs.org/query-engine/-/query-engine-0.5.3.tgz' } ]
verbose bin dist [ '0.4-sunos-5.11',
verbose bin dist   { shasum: 'f9533dc60d942b0bb5b68e098aedfc4d2d75a8cb',
verbose bin dist     tarball: 'http://registry.npmjs.org/watchr/-/watchr-0.1.0.tgz' } ]
verbose response http://registry.npmjs.org/caterpillar/0.1.7
silly get cb [ 304,
silly get cb   { server: 'CouchDB/1.1.0 (Erlang OTP/R14B04)',
silly get cb     etag: '"330KGD7MJB1I898V6VKA92ZFD"',
silly get cb     date: 'Sun, 20 Nov 2011 06:34:53 GMT',
silly get cb     'content-length': '0' } ]
verbose etag caterpillar/0.1.7 from cache
verbose bin dist [ '0.4-sunos-5.11',
verbose bin dist   { shasum: '9180cad0656baa0f2b4effa0ae6f1477b75c9eac',
verbose bin dist     tarball: 'http://registry.npmjs.org/caterpillar/-/caterpillar-0.1.7.tgz' } ]
verbose response http://registry.npmjs.org/npm/1.0.106
silly get cb [ 304,
silly get cb   { server: 'CouchDB/1.1.0 (Erlang OTP/R14B04)',
silly get cb     etag: '"405FPHWDJGFZQ3WRNW93C2GU8"',
silly get cb     date: 'Sun, 20 Nov 2011 06:34:53 GMT',
silly get cb     'content-length': '0' } ]
verbose etag npm/1.0.106 from cache
verbose bin dist [ '0.4-sunos-5.11',
verbose bin dist   { shasum: '34d0dd1f0bf1e1b2e2b549f0d4ec1775267e7ec7',
verbose bin dist     tarball: 'http://registry.npmjs.org/npm/-/npm-1.0.106.tgz' } ]
verbose addRemoteTarball [ 'http://registry.npmjs.org/npm/-/npm-1.0.106.tgz',
verbose addRemoteTarball   '34d0dd1f0bf1e1b2e2b549f0d4ec1775267e7ec7' ]
verbose mkdir done: /tmp/npm-1321770893897/1321770893897-0.18596488307230175
info fetch http://registry.npmjs.org/npm/-/npm-1.0.106.tgz
verbose fetch to /tmp/npm-1321770893897/1321770893897-0.18596488307230175/tmp.tgz
verbose response http://registry.npmjs.org/commander/0.3.3
silly get cb [ 304,
silly get cb   { server: 'CouchDB/1.1.0 (Erlang OTP/R14B04)',
silly get cb     etag: '"5H8E99L3WG0EFPN01590JDGH8"',
silly get cb     date: 'Sun, 20 Nov 2011 06:34:53 GMT',
silly get cb     'content-length': '0' } ]
verbose etag commander/0.3.3 from cache
verbose response http://registry.npmjs.org/express/2.5.1
silly get cb [ 304,
silly get cb   { server: 'CouchDB/1.1.0 (Erlang OTP/R14B04)',
silly get cb     etag: '"68AVTOK6I7DBN915HQO2SVX5E"',
silly get cb     date: 'Sun, 20 Nov 2011 06:34:53 GMT',
silly get cb     'content-length': '0' } ]
verbose etag express/2.5.1 from cache
verbose bin dist [ '0.4-sunos-5.11',
verbose bin dist   { shasum: '388a4097f857e9299c26415352b54d0706b06a2c',
verbose bin dist     tarball: 'http://registry.npmjs.org/commander/-/commander-0.3.3.tgz' } ]
verbose response http://registry.npmjs.org/growl/1.1.0
silly get cb [ 304,
silly get cb   { server: 'CouchDB/1.1.0 (Erlang OTP/R14B04)',
silly get cb     etag: '"544M3ZMAPQTI4H2O9KWOP0ZGF"',
silly get cb     date: 'Sun, 20 Nov 2011 06:34:53 GMT',
silly get cb     'content-length': '0' } ]
verbose etag growl/1.1.0 from cache
verbose bin dist [ '0.4-sunos-5.11',
verbose bin dist   { shasum: '0644284c2c219264e2955fe94717ce7b462cd5d6',
verbose bin dist     tarball: 'http://registry.npmjs.org/express/-/express-2.5.1.tgz' } ]
verbose bin dist [ '0.4-sunos-5.11',
verbose bin dist   { shasum: '93808dd6df4e336785d5213b9d47c5047f363623',
verbose bin dist     tarball: 'http://registry.npmjs.org/growl/-/growl-1.1.0.tgz' } ]
verbose response http://registry.npmjs.org/js2coffee/0.1.1
silly get cb [ 304,
silly get cb   { server: 'CouchDB/1.1.0 (Erlang OTP/R14B04)',
silly get cb     etag: '"7Q5J1SY52EI0XP4GWJCNU10B6"',
silly get cb     date: 'Sun, 20 Nov 2011 06:34:53 GMT',
silly get cb     'content-length': '0' } ]
verbose etag js2coffee/0.1.1 from cache
verbose bin dist [ '0.4-sunos-5.11',
verbose bin dist   { shasum: '63bdb56fcf6e3e70e7e9297e8747b7984eb05d24',
verbose bin dist     tarball: 'http://registry.npmjs.org/js2coffee/-/js2coffee-0.1.1.tgz' } ]
verbose response http://registry.npmjs.org/underscore/1.2.2
silly get cb [ 304,
silly get cb   { server: 'CouchDB/1.1.0 (Erlang OTP/R14B04)',
silly get cb     etag: '"69YEPZJKM4EREPDAF8CYZJN19"',
silly get cb     date: 'Sun, 20 Nov 2011 06:34:53 GMT',
silly get cb     'content-length': '0' } ]
verbose etag underscore/1.2.2 from cache
verbose bin dist [ '0.4-sunos-5.11',
verbose bin dist   { shasum: '74dd40e9face84e724eb2edae945b8aedc233ba3',
verbose bin dist     tarball: 'http://registry.npmjs.org/underscore/-/underscore-1.2.2.tgz' } ]
silly updated sha bytes 40960
silly updated sha bytes 40960
silly updated sha bytes 40960
silly updated sha bytes 40960
silly updated sha bytes 40960
silly updated sha bytes 40960
silly updated sha bytes 40960
silly updated sha bytes 40960
silly updated sha bytes 40960
silly updated sha bytes 40960
silly updated sha bytes 40960
silly updated sha bytes 40960
silly updated sha bytes 40960
silly updated sha bytes 40960
silly updated sha bytes 40960
silly updated sha bytes 40960
silly updated sha bytes 40960
silly updated sha bytes 40960
silly updated sha bytes 40960
silly updated sha bytes 40960
silly updated sha bytes 40960
silly updated sha bytes 40960
silly updated sha bytes 40960
silly updated sha bytes 40960
silly updated sha bytes 40960
silly updated sha bytes 40960
silly updated sha bytes 40960
silly updated sha bytes 40960
silly updated sha bytes 40960
info shasum 34d0dd1f0bf1e1b2e2b549f0d4ec1775267e7ec7
info shasum /tmp/npm-1321770893897/1321770893897-0.18596488307230175/tmp.tgz
verbose mkdir done: /tmp/npm-1321770893897/1321770893897-0.18596488307230175/contents/___package.npm
verbose unpack_ uid, gid [ undefined, undefined ]
verbose unpackTarget /tmp/npm-1321770893897/1321770893897-0.18596488307230175/contents/package
verbose success gzip "--decompress" "--stdout" "/tmp/npm-1321770893897/1321770893897-0.18596488307230175/tmp.tgz"
verbose success /opt/local/bin/gtar "-mvxpf" "-" "--no-same-owner" "-C" "/tmp/npm-1321770893897/1321770893897-0.18596488307230175/contents/___package.npm"
verbose gunzed /tmp/npm-1321770893897/1321770893897-0.18596488307230175/contents/___package.npm/package
verbose rm'ed /tmp/npm-1321770893897/1321770893897-0.18596488307230175/contents/package
verbose renamed [ '/tmp/npm-1321770893897/1321770893897-0.18596488307230175/contents/___package.npm/package',
verbose renamed   '/tmp/npm-1321770893897/1321770893897-0.18596488307230175/contents/package' ]
verbose rm'ed /tmp/npm-1321770893897/1321770893897-0.18596488307230175/contents/___package.npm
silly testEngine { name: 'npm',
silly testEngine   description: 'A package manager for node',
silly testEngine   keywords: 
silly testEngine    [ 'package manager',
silly testEngine      'modules',
silly testEngine      'install',
silly testEngine      'package.json' ],
silly testEngine   version: '1.0.106',
silly testEngine   preferGlobal: true,
silly testEngine   config: { publishtest: false },
silly testEngine   homepage: 'http://npmjs.org/',
silly testEngine   author: 
silly testEngine    { name: 'Isaac Z. Schlueter',
silly testEngine      email: 'i@izs.me',
silly testEngine      url: 'http://blog.izs.me' },
silly testEngine   repository: 
silly testEngine    { type: 'git',
silly testEngine      url: 'git://github.com/isaacs/npm.git' },
silly testEngine   bugs: 
silly testEngine    { email: 'npm-@googlegroups.com',
silly testEngine      url: 'http://github.com/isaacs/npm/issues' },
silly testEngine   directories: 
silly testEngine    { doc: './doc',
silly testEngine      man: './man',
silly testEngine      lib: './lib',
silly testEngine      bin: './bin' },
silly testEngine   main: './lib/npm.js',
silly testEngine   bin: 
silly testEngine    { npm: './bin/npm-cli.js',
silly testEngine      npm_g: './bin/npm-cli.js',
silly testEngine      'npm-g': './bin/npm-cli.js' },
silly testEngine   dependencies: 
silly testEngine    { semver: '1',
silly testEngine      ini: '1',
silly testEngine      slide: '1',
silly testEngine      abbrev: '1',
silly testEngine      'graceful-fs': '1',
silly testEngine      minimatch: '0',
silly testEngine      nopt: '1',
silly testEngine      'node-uuid': '1.2',
silly testEngine      'proto-list': '1',
silly testEngine      rimraf: '1',
silly testEngine      request: '~2.1.1',
silly testEngine      which: '1' },
silly testEngine   bundleDependencies: 
silly testEngine    [ 'slide',
silly testEngine      'ini',
silly testEngine      'semver',
silly testEngine      'abbrev',
silly testEngine      'graceful-fs',
silly testEngine      'minimatch',
silly testEngine      'nopt',
silly testEngine      'node-uuid',
silly testEngine      'rimraf',
silly testEngine      'request',
silly testEngine      'proto-list',
silly testEngine      'which' ],
silly testEngine   devDependencies: { ronn: 'https://github.com/isaacs/ronnjs/tarball/master' },
silly testEngine   engines: { node: '0.4 || 0.5 || 0.6', npm: '1' },
silly testEngine   scripts: 
silly testEngine    { test: './test/run',
silly testEngine      prepublish: 'make -j4 doc',
silly testEngine      dumpconf: 'env | grep npm | sort | uniq' },
silly testEngine   licenses: 
silly testEngine    [ { type: 'MIT +no-false-attribs',
silly testEngine        url: 'http://github.com/isaacs/npm/raw/master/LICENSE' } ],
silly testEngine   _id: 'npm@1.0.106',
silly testEngine   _engineSupported: true,
silly testEngine   _npmVersion: '1.0.1rc6',
silly testEngine   _nodeVersion: 'v0.4.12',
silly testEngine   _defaultsLoaded: true,
silly testEngine   man: 
silly testEngine    [ 'man/man1/adduser.1',
silly testEngine      'man/man1/author.1',
silly testEngine      'man/man1/bin.1',
silly testEngine      'man/man1/bugs.1',
silly testEngine      'man/man1/build.1',
silly testEngine      'man/man1/bundle.1',
silly testEngine      'man/man1/cache.1',
silly testEngine      'man/man1/changelog.1',
silly testEngine      'man/man1/coding-style.1',
silly testEngine      'man/man1/completion.1',
silly testEngine      'man/man1/config.1',
silly testEngine      'man/man1/deprecate.1',
silly testEngine      'man/man1/developers.1',
silly testEngine      'man/man1/docs.1',
silly testEngine      'man/man1/edit.1',
silly testEngine      'man/man1/explore.1',
silly testEngine      'man/man1/faq.1',
silly testEngine      'man/man1/find.1',
silly testEngine      'man/man1/folders.1',
silly testEngine      'man/man1/get.1',
silly testEngine      'man/man1/global.1',
silly testEngine      'man/man1/help-search.1',
silly testEngine      'man/man1/help.1',
silly testEngine      'man/man1/home.1',
silly testEngine      'man/man1/index.1',
silly testEngine      'man/man1/init.1',
silly testEngine      'man/man1/install.1',
silly testEngine      'man/man1/json.1',
silly testEngine      'man/man1/link.1',
silly testEngine      'man/man1/list.1',
silly testEngine      'man/man1/ln.1',
silly testEngine      'man/man1/ls.1',
silly testEngine      'man/man1/npm.1',
silly testEngine      'man/man1/outdated.1',
silly testEngine      'man/man1/owner.1',
silly testEngine      'man/man1/pack.1',
silly testEngine      'man/man1/prefix.1',
silly testEngine      'man/man1/prune.1',
silly testEngine      'man/man1/publish.1',
silly testEngine      'man/man1/README.1',
silly testEngine      'man/man1/rebuild.1',
silly testEngine      'man/man1/registry.1',
silly testEngine      'man/man1/removing-npm.1',
silly testEngine      'man/man1/restart.1',
silly testEngine      'man/man1/rm.1',
silly testEngine      'man/man1/root.1',
silly testEngine      'man/man1/run-script.1',
silly testEngine      'man/man1/scripts.1',
silly testEngine      'man/man1/search.1',
silly testEngine      'man/man1/semver.1',
silly testEngine      'man/man1/set.1',
silly testEngine      'man/man1/star.1',
silly testEngine      'man/man1/start.1',
silly testEngine      'man/man1/stop.1',
silly testEngine      'man/man1/submodule.1',
silly testEngine      'man/man1/tag.1',
silly testEngine      'man/man1/test.1',
silly testEngine      'man/man1/uninstall.1',
silly testEngine      'man/man1/unpublish.1',
silly testEngine      'man/man1/update.1',
silly testEngine      'man/man1/version.1',
silly testEngine      'man/man1/view.1',
silly testEngine      'man/man1/whoami.1',
silly testEngine      'man/man3/author.3',
silly testEngine      'man/man3/bin.3',
silly testEngine      'man/man3/bugs.3',
silly testEngine      'man/man3/commands.3',
silly testEngine      'man/man3/config.3',
silly testEngine      'man/man3/deprecate.3',
silly testEngine      'man/man3/docs.3',
silly testEngine      'man/man3/edit.3',
silly testEngine      'man/man3/explore.3',
silly testEngine      'man/man3/find.3',
silly testEngine      'man/man3/get.3',
silly testEngine      'man/man3/help-search.3',
silly testEngine      'man/man3/home.3',
silly testEngine      'man/man3/init.3',
silly testEngine      'man/man3/install.3',
silly testEngine      'man/man3/link.3',
silly testEngine      'man/man3/list.3',
silly testEngine      'man/man3/ln.3',
silly testEngine      'man/man3/load.3',
silly testEngine      'man/man3/ls.3',
silly testEngine      'man/man3/npm.3',
silly testEngine      'man/man3/outdated.3',
silly testEngine      'man/man3/owner.3',
silly testEngine      'man/man3/pack.3',
silly testEngine      'man/man3/prefix.3',
silly testEngine      'man/man3/prune.3',
silly testEngine      'man/man3/publish.3',
silly testEngine      'man/man3/rebuild.3',
silly testEngine      'man/man3/restart.3',
silly testEngine      'man/man3/rm.3',
silly testEngine      'man/man3/root.3',
silly testEngine      'man/man3/run-script.3',
silly testEngine      'man/man3/search.3',
silly testEngine      'man/man3/set.3',
silly testEngine      'man/man3/start.3',
silly testEngine      'man/man3/stop.3',
silly testEngine      'man/man3/submodule.3',
silly testEngine      'man/man3/tag.3',
silly testEngine      'man/man3/test.3',
silly testEngine      'man/man3/uninstall.3',
silly testEngine      'man/man3/unpublish.3',
silly testEngine      'man/man3/update.3',
silly testEngine      'man/man3/version.3',
silly testEngine      'man/man3/view.3',
silly testEngine      'man/man3/whoami.3' ],
silly testEngine   path: '/tmp/npm-1321770893897/1321770893897-0.18596488307230175/contents/package' }
verbose caching /tmp/npm-1321770893897/1321770893897-0.18596488307230175/contents/package/package.json
verbose loadDefaults npm@1.0.106
verbose tarball contents [ 'package' ]
verbose from cache /tmp/npm-1321770893897/1321770893897-0.18596488307230175/contents/package/package.json
verbose pack /tmp/npm-1321770893897/1321770893897-0.18596488307230175/contents/package /home/ide_aaronpowell/workspaces/npm_cache/npm/1.0.106/package.tgz
verbose from cache /tmp/npm-1321770893897/1321770893897-0.18596488307230175/contents/package/package.json
silly testEngine { author: 
silly testEngine    { name: 'Isaac Z. Schlueter',
silly testEngine      email: 'i@izs.me',
silly testEngine      url: 'http://blog.izs.me' },
silly testEngine   name: 'graceful-fs',
silly testEngine   description: 'fs with incremental backoff on EMFILE',
silly testEngine   version: '1.0.1',
silly testEngine   repository: 
silly testEngine    { type: 'git',
silly testEngine      url: 'git://github.com/isaacs/node-graceful-fs.git' },
silly testEngine   main: 'graceful-fs.js',
silly testEngine   engines: { node: '0.4 || 0.5 || 0.6' },
silly testEngine   dependencies: {},
silly testEngine   devDependencies: {},
silly testEngine   _id: 'graceful-fs@1.0.1',
silly testEngine   _engineSupported: true,
silly testEngine   _npmVersion: '1.0.1rc6',
silly testEngine   _nodeVersion: 'v0.4.12',
silly testEngine   _defaultsLoaded: true,
silly testEngine   path: '/tmp/npm-1321770893897/1321770893897-0.18596488307230175/contents/package/node_modules/graceful-fs' }
verbose caching /tmp/npm-1321770893897/1321770893897-0.18596488307230175/contents/package/node_modules/graceful-fs/package.json
verbose loadDefaults graceful-fs@1.0.1
silly testEngine { name: 'proto-list',
silly testEngine   version: '1.0.0',
silly testEngine   description: 'A utility for managing a prototype chain',
silly testEngine   main: './proto-list.js',
silly testEngine   author: 
silly testEngine    { name: 'Isaac Z. Schlueter',
silly testEngine      email: 'i@izs.me',
silly testEngine      url: 'http://blog.izs.me/' },
silly testEngine   scripts: { test: 'node proto-list.js' },
silly testEngine   repository: 
silly testEngine    { type: 'git',
silly testEngine      url: 'git://github.com/isaacs/proto-list.git' },
silly testEngine   license: 
silly testEngine    { type: 'MIT',
silly testEngine      url: 'https://github.com/isaacs/proto-list/blob/master/LICENSE' },
silly testEngine   devDependencies: { tap: '0' },
silly testEngine   dependencies: {},
silly testEngine   _id: 'proto-list@1.0.0',
silly testEngine   engines: { node: '*' },
silly testEngine   _engineSupported: true,
silly testEngine   _npmVersion: '1.0.1rc6',
silly testEngine   _nodeVersion: 'v0.4.12',
silly testEngine   _defaultsLoaded: true,
silly testEngine   path: '/tmp/npm-1321770893897/1321770893897-0.18596488307230175/contents/package/node_modules/proto-list' }
verbose caching /tmp/npm-1321770893897/1321770893897-0.18596488307230175/contents/package/node_modules/proto-list/package.json
verbose loadDefaults proto-list@1.0.0
silly testEngine { name: 'abbrev',
silly testEngine   version: '1.0.3',
silly testEngine   description: 'Like ruby\'s abbrev module, but in js',
silly testEngine   author: { name: 'Isaac Z. Schlueter', email: 'i@izs.me' },
silly testEngine   main: './lib/abbrev.js',
silly testEngine   scripts: { test: 'node lib/abbrev.js' },
silly testEngine   repository: 
silly testEngine    { type: 'git',
silly testEngine      url: 'git://github.com/isaacs/abbrev-js.git' },
silly testEngine   dependencies: {},
silly testEngine   devDependencies: {},
silly testEngine   _id: 'abbrev@1.0.3',
silly testEngine   engines: { node: '*' },
silly testEngine   _engineSupported: true,
silly testEngine   _npmVersion: '1.0.1rc6',
silly testEngine   _nodeVersion: 'v0.4.12',
silly testEngine   _defaultsLoaded: true,
silly testEngine   path: '/tmp/npm-1321770893897/1321770893897-0.18596488307230175/contents/package/node_modules/abbrev' }
verbose caching /tmp/npm-1321770893897/1321770893897-0.18596488307230175/contents/package/node_modules/abbrev/package.json
verbose loadDefaults abbrev@1.0.3
silly testEngine { name: 'node-uuid',
silly testEngine   description: 'Simple, fast generation of RFC4122(v4) UUIDs.',
silly testEngine   url: 'http://github.com/broofa/node-uuid',
silly testEngine   keywords: [ 'uuid', 'guid', 'rfc4122' ],
silly testEngine   author: { name: 'Robert Kieffer', email: 'robert@broofa.com' },
silly testEngine   contributors: [],
silly testEngine   dependencies: {},
silly testEngine   lib: '.',
silly testEngine   main: './uuid.js',
silly testEngine   version: '1.2.0',
silly testEngine   devDependencies: {},
silly testEngine   _id: 'node-uuid@1.2.0',
silly testEngine   engines: { node: '*' },
silly testEngine   _engineSupported: true,
silly testEngine   _npmVersion: '1.0.1rc6',
silly testEngine   _nodeVersion: 'v0.4.12',
silly testEngine   _defaultsLoaded: true,
silly testEngine   path: '/tmp/npm-1321770893897/1321770893897-0.18596488307230175/contents/package/node_modules/node-uuid' }
verbose caching /tmp/npm-1321770893897/1321770893897-0.18596488307230175/contents/package/node_modules/node-uuid/package.json
verbose loadDefaults node-uuid@1.2.0
silly testEngine { name: 'request',
silly testEngine   description: 'Simplified HTTP request client.',
silly testEngine   tags: [ 'http', 'simple', 'util', 'utility' ],
silly testEngine   version: '2.1.1',
silly testEngine   author: 
silly testEngine    { name: 'Mikeal Rogers',
silly testEngine      email: 'mikeal.rogers@gmail.com' },
silly testEngine   repository: 
silly testEngine    { type: 'git',
silly testEngine      url: 'git://github.com/mikeal/request.git' },
silly testEngine   bugs: { url: 'http://github.com/mikeal/request/issues' },
silly testEngine   engines: [ 'node >= 0.3.6', node: ' >= 0.3.6' ],
silly testEngine   main: './main',
silly testEngine   scripts: { test: 'bash tests/run.sh' },
silly testEngine   dependencies: {},
silly testEngine   devDependencies: {},
silly testEngine   _id: 'request@2.1.1',
silly testEngine   _engineSupported: true,
silly testEngine   _npmVersion: '1.0.1rc6',
silly testEngine   _nodeVersion: 'v0.4.12',
silly testEngine   _defaultsLoaded: true,
silly testEngine   path: '/tmp/npm-1321770893897/1321770893897-0.18596488307230175/contents/package/node_modules/request' }
verbose caching /tmp/npm-1321770893897/1321770893897-0.18596488307230175/contents/package/node_modules/request/package.json
verbose loadDefaults request@2.1.1
silly testEngine { name: 'semver',
silly testEngine   version: '1.0.11',
silly testEngine   description: 'The semantic version parser used by npm.',
silly testEngine   main: 'semver.js',
silly testEngine   scripts: { test: 'tap test.js' },
silly testEngine   devDependencies: { tap: '0.x >=0.0.4' },
silly testEngine   license: 
silly testEngine    { type: 'MIT',
silly testEngine      url: 'https://github.com/isaacs/semver/raw/master/LICENSE' },
silly testEngine   repository: 
silly testEngine    { type: 'git',
silly testEngine      url: 'git://github.com/isaacs/node-semver.git' },
silly testEngine   bin: { semver: './bin/semver' },
silly testEngine   dependencies: {},
silly testEngine   _id: 'semver@1.0.11',
silly testEngine   engines: { node: '*' },
silly testEngine   _engineSupported: true,
silly testEngine   _npmVersion: '1.0.1rc6',
silly testEngine   _nodeVersion: 'v0.4.12',
silly testEngine   _defaultsLoaded: true,
silly testEngine   path: '/tmp/npm-1321770893897/1321770893897-0.18596488307230175/contents/package/node_modules/semver' }
verbose caching /tmp/npm-1321770893897/1321770893897-0.18596488307230175/contents/package/node_modules/semver/package.json
verbose loadDefaults semver@1.0.11
silly testEngine { author: 
silly testEngine    { name: 'Isaac Z. Schlueter',
silly testEngine      email: 'i@izs.me',
silly testEngine      url: 'http://blog.izs.me' },
silly testEngine   name: 'which',
silly testEngine   description: 'Like which(1) unix command. Find the first instance of an executable in the PATH.',
silly testEngine   version: '1.0.2',
silly testEngine   repository: 
silly testEngine    { type: 'git',
silly testEngine      url: 'git://github.com/isaacs/node-which.git' },
silly testEngine   main: 'which.js',
silly testEngine   bin: { which: './bin/which' },
silly testEngine   engines: { node: '*' },
silly testEngine   dependencies: {},
silly testEngine   devDependencies: {},
silly testEngine   _id: 'which@1.0.2',
silly testEngine   _engineSupported: true,
silly testEngine   _npmVersion: '1.0.1rc6',
silly testEngine   _nodeVersion: 'v0.4.12',
silly testEngine   _defaultsLoaded: true,
silly testEngine   path: '/tmp/npm-1321770893897/1321770893897-0.18596488307230175/contents/package/node_modules/which' }
verbose caching /tmp/npm-1321770893897/1321770893897-0.18596488307230175/contents/package/node_modules/which/package.json
verbose loadDefaults which@1.0.2
silly testEngine { name: 'rimraf',
silly testEngine   version: '1.0.8',
silly testEngine   main: 'rimraf.js',
silly testEngine   description: 'A deep deletion module for node (like `rm -rf`)',
silly testEngine   author: 
silly testEngine    { name: 'Isaac Z. Schlueter',
silly testEngine      email: 'i@izs.me',
silly testEngine      url: 'http://blog.izs.me/' },
silly testEngine   license: 
silly testEngine    { type: 'MIT',
silly testEngine      url: 'https://github.com/isaacs/rimraf/raw/master/LICENSE' },
silly testEngine   repository: 
silly testEngine    { type: 'git',
silly testEngine      url: 'git://github.com/isaacs/rimraf.git' },
silly testEngine   scripts: { test: 'cd test && bash run.sh' },
silly testEngine   dependencies: {},
silly testEngine   devDependencies: {},
silly testEngine   _id: 'rimraf@1.0.8',
silly testEngine   engines: { node: '*' },
silly testEngine   _engineSupported: true,
silly testEngine   _npmVersion: '1.0.1rc6',
silly testEngine   _nodeVersion: 'v0.4.12',
silly testEngine   _defaultsLoaded: true,
silly testEngine   path: '/tmp/npm-1321770893897/1321770893897-0.18596488307230175/contents/package/node_modules/rimraf' }
verbose caching /tmp/npm-1321770893897/1321770893897-0.18596488307230175/contents/package/node_modules/rimraf/package.json
verbose loadDefaults rimraf@1.0.8
silly testEngine { author: 
silly testEngine    { name: 'Isaac Z. Schlueter',
silly testEngine      email: 'i@izs.me',
silly testEngine      url: 'http://blog.izs.me/' },
silly testEngine   name: 'ini',
silly testEngine   description: 'An ini encoder/decoder for node',
silly testEngine   version: '1.0.1',
silly testEngine   repository: 
silly testEngine    { type: 'git',
silly testEngine      url: 'git://github.com/isaacs/ini.git' },
silly testEngine   main: 'ini.js',
silly testEngine   scripts: { test: 'tap test/*.js' },
silly testEngine   engines: { node: '*' },
silly testEngine   dependencies: {},
silly testEngine   devDependencies: { tap: '~0.0.9' },
silly testEngine   _id: 'ini@1.0.1',
silly testEngine   _engineSupported: true,
silly testEngine   _npmVersion: '1.0.1rc6',
silly testEngine   _nodeVersion: 'v0.4.12',
silly testEngine   _defaultsLoaded: true,
silly testEngine   path: '/tmp/npm-1321770893897/1321770893897-0.18596488307230175/contents/package/node_modules/ini' }
verbose caching /tmp/npm-1321770893897/1321770893897-0.18596488307230175/contents/package/node_modules/ini/package.json
verbose loadDefaults ini@1.0.1
silly testEngine { name: 'nopt',
silly testEngine   version: '1.0.10',
silly testEngine   description: 'Option parsing for Node, supporting types, shorthands, etc. Used by npm.',
silly testEngine   author: 
silly testEngine    { name: 'Isaac Z. Schlueter',
silly testEngine      email: 'i@izs.me',
silly testEngine      url: 'http://blog.izs.me/' },
silly testEngine   main: 'lib/nopt.js',
silly testEngine   scripts: { test: 'node lib/nopt.js' },
silly testEngine   repository: 
silly testEngine    { type: 'git',
silly testEngine      url: 'git://github.com/isaacs/nopt.git' },
silly testEngine   bin: { nopt: './bin/nopt.js' },
silly testEngine   license: 
silly testEngine    { type: 'MIT',
silly testEngine      url: 'https://github.com/isaacs/nopt/raw/master/LICENSE' },
silly testEngine   dependencies: { abbrev: '1' },
silly testEngine   devDependencies: {},
silly testEngine   _id: 'nopt@1.0.10',
silly testEngine   engines: { node: '*' },
silly testEngine   _engineSupported: true,
silly testEngine   _npmVersion: '1.0.1rc6',
silly testEngine   _nodeVersion: 'v0.4.12',
silly testEngine   _defaultsLoaded: true,
silly testEngine   path: '/tmp/npm-1321770893897/1321770893897-0.18596488307230175/contents/package/node_modules/nopt' }
verbose caching /tmp/npm-1321770893897/1321770893897-0.18596488307230175/contents/package/node_modules/nopt/package.json
verbose loadDefaults nopt@1.0.10
silly testEngine { name: 'slide',
silly testEngine   version: '1.1.3',
silly testEngine   author: 
silly testEngine    { name: 'Isaac Z. Schlueter',
silly testEngine      email: 'i@izs.me',
silly testEngine      url: 'http://blog.izs.me/' },
silly testEngine   contributors: 
silly testEngine    [ { name: 'S. Sriram',
silly testEngine        email: 'ssriram@gmail.com',
silly testEngine        url: 'http://www.565labs.com' } ],
silly testEngine   description: 'A flow control lib small enough to fit on in a slide presentation. Derived live at Oak.JS',
silly testEngine   main: './lib/slide.js',
silly testEngine   dependencies: {},
silly testEngine   devDependencies: {},
silly testEngine   engines: { node: '*' },
silly testEngine   repository: 
silly testEngine    { type: 'git',
silly testEngine      url: 'git://github.com/isaacs/slide-flow-control.git' },
silly testEngine   _id: 'slide@1.1.3',
silly testEngine   _engineSupported: true,
silly testEngine   _npmVersion: '1.0.1rc6',
silly testEngine   _nodeVersion: 'v0.4.12',
silly testEngine   _defaultsLoaded: true,
silly testEngine   path: '/tmp/npm-1321770893897/1321770893897-0.18596488307230175/contents/package/node_modules/slide' }
verbose caching /tmp/npm-1321770893897/1321770893897-0.18596488307230175/contents/package/node_modules/slide/package.json
verbose loadDefaults slide@1.1.3
silly testEngine { author: 
silly testEngine    { name: 'Isaac Z. Schlueter',
silly testEngine      email: 'i@izs.me',
silly testEngine      url: 'http://blog.izs.me' },
silly testEngine   name: 'minimatch',
silly testEngine   description: 'a glob matcher in javascript',
silly testEngine   version: '0.0.4',
silly testEngine   repository: 
silly testEngine    { type: 'git',
silly testEngine      url: 'git://github.com/isaacs/minimatch.git' },
silly testEngine   main: 'minimatch.js',
silly testEngine   scripts: { test: 'tap test' },
silly testEngine   engines: { node: '*' },
silly testEngine   bundleDependencies: [ 'lru-cache' ],
silly testEngine   dependencies: { 'lru-cache': '~1.0.2' },
silly testEngine   devDependencies: { tap: '~0.0.5' },
silly testEngine   licenses: 
silly testEngine    [ { type: 'MIT',
silly testEngine        url: 'http://github.com/isaacs/minimatch/raw/master/LICENSE' } ],
silly testEngine   _id: 'minimatch@0.0.4',
silly testEngine   _engineSupported: true,
silly testEngine   _npmVersion: '1.0.1rc6',
silly testEngine   _nodeVersion: 'v0.4.12',
silly testEngine   _defaultsLoaded: true,
silly testEngine   path: '/tmp/npm-1321770893897/1321770893897-0.18596488307230175/contents/package/node_modules/minimatch' }
verbose caching /tmp/npm-1321770893897/1321770893897-0.18596488307230175/contents/package/node_modules/minimatch/package.json
verbose loadDefaults minimatch@0.0.4
silly testEngine { name: 'bundletest',
silly testEngine   version: '1.0.0',
silly testEngine   dependencies: { bundletest: '*' },
silly testEngine   devDependencies: {},
silly testEngine   _id: 'bundletest@1.0.0',
silly testEngine   engines: { node: '*' },
silly testEngine   _engineSupported: true,
silly testEngine   _npmVersion: '1.0.1rc6',
silly testEngine   _nodeVersion: 'v0.4.12',
silly testEngine   _defaultsLoaded: true,
silly testEngine   path: '/tmp/npm-1321770893897/1321770893897-0.18596488307230175/contents/package/test/disabled/bundlerecurs' }
verbose caching /tmp/npm-1321770893897/1321770893897-0.18596488307230175/contents/package/test/disabled/bundlerecurs/package.json
verbose loadDefaults bundletest@1.0.0
silly testEngine { name: 'failer',
silly testEngine   version: '9999.999.99',
silly testEngine   dependencies: { base64: '*' },
silly testEngine   scripts: { preinstall: 'exit 1' },
silly testEngine   devDependencies: {},
silly testEngine   _id: 'failer@9999.999.99',
silly testEngine   engines: { node: '*' },
silly testEngine   _engineSupported: true,
silly testEngine   _npmVersion: '1.0.1rc6',
silly testEngine   _nodeVersion: 'v0.4.12',
silly testEngine   _defaultsLoaded: true,
silly testEngine   path: '/tmp/npm-1321770893897/1321770893897-0.18596488307230175/contents/package/test/disabled/failer' }
verbose caching /tmp/npm-1321770893897/1321770893897-0.18596488307230175/contents/package/test/disabled/failer/package.json
verbose loadDefaults failer@9999.999.99
silly testEngine { name: 'fast',
silly testEngine   description: 'does nothing, and not very fast',
silly testEngine   version: '1.2.3',
silly testEngine   scripts: 
silly testEngine    { preinstall: 'sleep 1 && echo fast 1 $(date +%s) && echo fast 2',
silly testEngine      install: 'sleep 1 && echo fast 2 $(date +%s) && echo fast 3',
silly testEngine      postinstall: 'sleep 1 && echo fast 3 $(date +%s) && echo fast 4' },
silly testEngine   dependencies: {},
silly testEngine   devDependencies: {},
silly testEngine   _id: 'fast@1.2.3',
silly testEngine   engines: { node: '*' },
silly testEngine   _engineSupported: true,
silly testEngine   _npmVersion: '1.0.1rc6',
silly testEngine   _nodeVersion: 'v0.4.12',
silly testEngine   _defaultsLoaded: true,
silly testEngine   path: '/tmp/npm-1321770893897/1321770893897-0.18596488307230175/contents/package/test/disabled/fast' }
verbose caching /tmp/npm-1321770893897/1321770893897-0.18596488307230175/contents/package/test/disabled/fast/package.json
verbose loadDefaults fast@1.2.3
silly testEngine { name: 'package-config',
silly testEngine   version: '1.2.3',
silly testEngine   config: { foo: 'bar' },
silly testEngine   scripts: { test: './test.js' },
silly testEngine   dependencies: {},
silly testEngine   devDependencies: {},
silly testEngine   _id: 'package-config@1.2.3',
silly testEngine   engines: { node: '*' },
silly testEngine   _engineSupported: true,
silly testEngine   _npmVersion: '1.0.1rc6',
silly testEngine   _nodeVersion: 'v0.4.12',
silly testEngine   _defaultsLoaded: true,
silly testEngine   path: '/tmp/npm-1321770893897/1321770893897-0.18596488307230175/contents/package/test/disabled/package-config' }
verbose caching /tmp/npm-1321770893897/1321770893897-0.18596488307230175/contents/package/test/disabled/package-config/package.json
verbose loadDefaults package-config@1.2.3
silly testEngine { name: 'slow',
silly testEngine   description: 'just like fast, but even slower',
silly testEngine   version: '1.2.3',
silly testEngine   scripts: 
silly testEngine    { preinstall: 'sleep 1 && echo slow 1 $(date +%s) && sleep 1 && echo slow 2 $(date +%s)',
silly testEngine      install: 'sleep 1 && echo slow 2 $(date +%s) && sleep 1 && echo slow 3 $(date +%s)',
silly testEngine      postinstall: 'sleep 1 && echo slow 3 $(date +%s) && sleep 1 && echo slow 4 $(date +%s)' },
silly testEngine   dependencies: {},
silly testEngine   devDependencies: {},
silly testEngine   _id: 'slow@1.2.3',
silly testEngine   engines: { node: '*' },
silly testEngine   _engineSupported: true,
silly testEngine   _npmVersion: '1.0.1rc6',
silly testEngine   _nodeVersion: 'v0.4.12',
silly testEngine   _defaultsLoaded: true,
silly testEngine   path: '/tmp/npm-1321770893897/1321770893897-0.18596488307230175/contents/package/test/disabled/slow' }
verbose caching /tmp/npm-1321770893897/1321770893897-0.18596488307230175/contents/package/test/disabled/slow/package.json
verbose loadDefaults slow@1.2.3
silly testEngine { name: 'startstop',
silly testEngine   version: '1.2.3',
silly testEngine   scripts: { start: 'echo \'start\'', stop: 'echo \'stop\'' },
silly testEngine   dependencies: {},
silly testEngine   devDependencies: {},
silly testEngine   _id: 'startstop@1.2.3',
silly testEngine   engines: { node: '*' },
silly testEngine   _engineSupported: true,
silly testEngine   _npmVersion: '1.0.1rc6',
silly testEngine   _nodeVersion: 'v0.4.12',
silly testEngine   _defaultsLoaded: true,
silly testEngine   path: '/tmp/npm-1321770893897/1321770893897-0.18596488307230175/contents/package/test/disabled/startstop' }
verbose caching /tmp/npm-1321770893897/1321770893897-0.18596488307230175/contents/package/test/disabled/startstop/package.json
verbose loadDefaults startstop@1.2.3
silly testEngine { name: 'npm-test-blerg',
silly testEngine   version: '0.0.0',
silly testEngine   scripts: { test: 'node test.js' },
silly testEngine   dependencies: {},
silly testEngine   devDependencies: {},
silly testEngine   _id: 'npm-test-blerg@0.0.0',
silly testEngine   engines: { node: '*' },
silly testEngine   _engineSupported: true,
silly testEngine   _npmVersion: '1.0.1rc6',
silly testEngine   _nodeVersion: 'v0.4.12',
silly testEngine   _defaultsLoaded: true,
silly testEngine   path: '/tmp/npm-1321770893897/1321770893897-0.18596488307230175/contents/package/test/packages/npm-test-blerg' }
verbose caching /tmp/npm-1321770893897/1321770893897-0.18596488307230175/contents/package/test/packages/npm-test-blerg/package.json
verbose loadDefaults npm-test-blerg@0.0.0
silly testEngine { name: 'npm-test-env-reader',
silly testEngine   version: '1.2.3',
silly testEngine   scripts: 
silly testEngine    { install: './test.sh',
silly testEngine      preinstall: './test.sh',
silly testEngine      preuninstall: './test.sh',
silly testEngine      postuninstall: './test.sh',
silly testEngine      test: './test.sh',
silly testEngine      stop: './test.sh',
silly testEngine      start: './test.sh',
silly testEngine      restart: './test.sh',
silly testEngine      foo: './test.sh' },
silly testEngine   dependencies: {},
silly testEngine   devDependencies: {},
silly testEngine   _id: 'npm-test-env-reader@1.2.3',
silly testEngine   engines: { node: '*' },
silly testEngine   _engineSupported: true,
silly testEngine   _npmVersion: '1.0.1rc6',
silly testEngine   _nodeVersion: 'v0.4.12',
silly testEngine   _defaultsLoaded: true,
silly testEngine   path: '/tmp/npm-1321770893897/1321770893897-0.18596488307230175/contents/package/test/packages/npm-test-env-reader' }
verbose caching /tmp/npm-1321770893897/1321770893897-0.18596488307230175/contents/package/test/packages/npm-test-env-reader/package.json
verbose loadDefaults npm-test-env-reader@1.2.3
silly testEngine { name: 'npm-test-private',
silly testEngine   version: '9.9.9-9',
silly testEngine   homepage: 'http://www.youtube.com/watch?v=1MLry6Cn_D4',
silly testEngine   private: 'true',
silly testEngine   dependencies: {},
silly testEngine   devDependencies: {},
silly testEngine   _id: 'npm-test-private@9.9.9-9',
silly testEngine   engines: { node: '*' },
silly testEngine   _engineSupported: true,
silly testEngine   _npmVersion: '1.0.1rc6',
silly testEngine   _nodeVersion: 'v0.4.12',
silly testEngine   _defaultsLoaded: true,
silly testEngine   path: '/tmp/npm-1321770893897/1321770893897-0.18596488307230175/contents/package/test/packages/npm-test-private' }
verbose caching /tmp/npm-1321770893897/1321770893897-0.18596488307230175/contents/package/test/packages/npm-test-private/package.json
verbose loadDefaults npm-test-private@9.9.9-9
silly testEngine { name: 'npm-test-test-package',
silly testEngine   author: { name: 'Testy McMock' },
silly testEngine   version: '1.2.3-99-b',
silly testEngine   description: 'This is a test package used for debugging. It has some random data and that\'s all.',
silly testEngine   dependencies: {},
silly testEngine   devDependencies: {},
silly testEngine   _id: 'npm-test-test-package@1.2.3-99-b',
silly testEngine   engines: { node: '*' },
silly testEngine   _engineSupported: true,
silly testEngine   _npmVersion: '1.0.1rc6',
silly testEngine   _nodeVersion: 'v0.4.12',
silly testEngine   _defaultsLoaded: true,
silly testEngine   path: '/tmp/npm-1321770893897/1321770893897-0.18596488307230175/contents/package/test/packages/npm-test-test-package' }
verbose caching /tmp/npm-1321770893897/1321770893897-0.18596488307230175/contents/package/test/packages/npm-test-test-package/package.json
verbose loadDefaults npm-test-test-package@1.2.3-99-b
silly testEngine { name: 'npm-test-url-dep',
silly testEngine   version: '1.2.3',
silly testEngine   dependencies: { dnode: 'https://github.com/substack/dnode/tarball/master' },
silly testEngine   devDependencies: {},
silly testEngine   _id: 'npm-test-url-dep@1.2.3',
silly testEngine   engines: { node: '*' },
silly testEngine   _engineSupported: true,
silly testEngine   _npmVersion: '1.0.1rc6',
silly testEngine   _nodeVersion: 'v0.4.12',
silly testEngine   _defaultsLoaded: true,
silly testEngine   path: '/tmp/npm-1321770893897/1321770893897-0.18596488307230175/contents/package/test/packages/npm-test-url-dep' }
verbose caching /tmp/npm-1321770893897/1321770893897-0.18596488307230175/contents/package/test/packages/npm-test-url-dep/package.json
verbose loadDefaults npm-test-url-dep@1.2.3
silly testEngine { name: 'npm-test-missing-bindir',
silly testEngine   version: '0.0.0',
silly testEngine   scripts: { test: 'node test.js' },
silly testEngine   directories: { bin: './not-found' },
silly testEngine   dependencies: {},
silly testEngine   devDependencies: {},
silly testEngine   _id: 'npm-test-missing-bindir@0.0.0',
silly testEngine   engines: { node: '*' },
silly testEngine   _engineSupported: true,
silly testEngine   _npmVersion: '1.0.1rc6',
silly testEngine   _nodeVersion: 'v0.4.12',
silly testEngine   _defaultsLoaded: true,
silly testEngine   bin: {} }
verbose caching /tmp/npm-1321770893897/1321770893897-0.18596488307230175/contents/package/test/packages/npm-test-missing-bindir/package.json
verbose loadDefaults npm-test-missing-bindir@0.0.0
verbose npm-test-missing-bindir@0.0.0 linking default bins
ERR! { stack: [Getter/Setter],
ERR!   arguments: [ 'filter', undefined ],
ERR!   type: 'non_object_property_call',
ERR!   message: [Getter/Setter] }
ERR! Report this *entire* log at:
ERR!     <http://github.com/isaacs/npm/issues>
ERR! or email it to:
ERR!     <npm-@googlegroups.com>
ERR! 
ERR! System SunOS 5.11
ERR! command "/home/cloud9/c9/support/node-c9-builds-v4/node-c9-sunos" "/home/ide_aaronpowell/workspaces/npm/bin/npm.js" "install" "docpad"
verbose exit [ 1, true ]
